<?xml version="1.0" encoding="UTF-8"?>
<!-- Generated by org.testng.reporters.JUnitReportReporter -->
<testsuite hostname="OCNSY-23" failures="0" tests="1" name="tests.TestGitLogin" time="2.267" errors="0" timestamp="2025-03-14T19:09:14 IST" skipped="0">
  <testcase classname="tests.TestGitLogin" name="testLogin" time="2.267"/>
</testsuite> <!-- tests.TestGitLogin -->
