<?xml version="1.0" encoding="UTF-8"?>
<!-- Generated by org.testng.reporters.JUnitReportReporter -->
<testsuite hostname="OCNSY-23" failures="0" tests="1" name="tests.TestContactPage" time="8.616" errors="0" timestamp="2025-03-14T18:08:04 IST" skipped="0">
  <testcase classname="tests.TestContactPage" name="testContactPage" time="8.616"/>
</testsuite> <!-- tests.TestContactPage -->
