<?xml version="1.0" encoding="UTF-8"?>
<!-- Generated by org.testng.reporters.JUnitReportReporter -->
<testsuite hostname="OCNSY-23" failures="0" tests="6" name="tests.TestHomepage" time="2.144" errors="0" timestamp="2025-03-17T19:18:45 IST" skipped="0">
  <testcase classname="tests.TestHomepage" name="cTest" time="0.004"/>
  <testcase classname="tests.TestHomepage" name="sTest" time="0.003"/>
  <testcase classname="tests.TestHomepage" name="testHomePage" time="2.119"/>
  <testcase classname="tests.TestHomepage" name="bTest" time="0.002"/>
  <testcase classname="tests.TestHomepage" name="aTest" time="0.013"/>
  <testcase classname="tests.TestHomepage" name="kTest" time="0.003"/>
</testsuite> <!-- tests.TestHomepage -->
