<?xml version="1.0" encoding="UTF-8"?>
<!-- Generated by org.testng.reporters.JUnitReportReporter -->
<testsuite hostname="OCNSY-23" failures="0" tests="1" name="tests.TestContactPage" time="9.835" errors="0" timestamp="2025-03-13T19:16:03 IST" skipped="0">
  <testcase classname="tests.TestContactPage" name="testContactPage" time="9.835"/>
</testsuite> <!-- tests.TestContactPage -->
