<?xml version="1.0" encoding="UTF-8"?>
<!-- Generated by org.testng.reporters.JUnitReportReporter -->
<testsuite hostname="OCNSY-23" failures="0" tests="2" name="tests.TestOnlineShoping" time="0.014" errors="0" timestamp="2025-03-21T19:10:25 IST" skipped="0">
  <testcase classname="tests.TestOnlineShoping" name="checkStock" time="0.002"/>
  <testcase classname="tests.TestOnlineShoping" name="login" time="0.012"/>
</testsuite> <!-- tests.TestOnlineShoping -->
