<?xml version="1.0" encoding="UTF-8"?>
<!-- Generated by org.testng.reporters.JUnitReportReporter -->
<testsuite hostname="OCNSY-23" failures="0" tests="1" name="tests.TestHomepage" time="0.920" errors="0" timestamp="2025-03-13T19:11:45 IST" skipped="0">
  <testcase classname="tests.TestHomepage" name="testHomePage" time="0.920"/>
</testsuite> <!-- tests.TestHomepage -->
