<?xml version="1.0" encoding="UTF-8"?>
<!-- Generated by org.testng.reporters.JUnitReportReporter -->
<testsuite hostname="OCNSY-23" failures="0" tests="6" name="tests.TestContactPage" time="0.117" errors="1" timestamp="2025-03-17T19:18:45 IST" skipped="0">
  <testcase classname="tests.TestContactPage" name="cTest" time="0.008"/>
  <testcase classname="tests.TestContactPage" name="testContactPage" time="0.085">
    <error message="Cannot invoke &quot;org.openqa.selenium.WebDriver.get(String)&quot; because &quot;this.driver&quot; is null" type="java.lang.NullPointerException">
      <![CDATA[java.lang.NullPointerException: Cannot invoke "org.openqa.selenium.WebDriver.get(String)" because "this.driver" is null
at tests.TestContactPage.testContactPage(TestContactPage.java:24)
at java.base/jdk.internal.reflect.DirectMethodHandleAccessor.invoke(DirectMethodHandleAccessor.java:103)
at java.base/java.lang.reflect.Method.invoke(Method.java:580)
at org.testng.internal.invokers.MethodInvocationHelper.invokeMethod(MethodInvocationHelper.java:141)
at org.testng.internal.invokers.InvokeMethodRunnable.runOne(InvokeMethodRunnable.java:47)
at org.testng.internal.invokers.InvokeMethodRunnable.call(InvokeMethodRunnable.java:76)
at org.testng.internal.invokers.InvokeMethodRunnable.call(InvokeMethodRunnable.java:11)
at java.base/java.util.concurrent.FutureTask.run(FutureTask.java:317)
at java.base/java.util.concurrent.ThreadPoolExecutor.runWorker(ThreadPoolExecutor.java:1144)
at java.base/java.util.concurrent.ThreadPoolExecutor$Worker.run(ThreadPoolExecutor.java:642)
at java.base/java.lang.Thread.run(Thread.java:1575)
]]>
    </error>
  </testcase> <!-- testContactPage -->
  <testcase classname="tests.TestContactPage" name="sTest" time="0.007"/>
  <testcase classname="tests.TestContactPage" name="aTest" time="0.006"/>
  <testcase classname="tests.TestContactPage" name="bTest" time="0.005"/>
  <testcase classname="tests.TestContactPage" name="kTest" time="0.006"/>
</testsuite> <!-- tests.TestContactPage -->
