<?xml version="1.0" encoding="UTF-8"?>
<!-- Generated by org.testng.reporters.JUnitReportReporter -->
<testsuite hostname="OCNSY-23" failures="0" tests="6" name="tests.TestContactPage" time="1.319" errors="0" timestamp="2025-03-19T19:17:32 IST" skipped="0">
  <testcase classname="tests.TestContactPage" name="testContactPage" time="1.304"/>
  <testcase classname="tests.TestContactPage" name="kTest" time="0.002"/>
  <testcase classname="tests.TestContactPage" name="cTest" time="0.008"/>
  <testcase classname="tests.TestContactPage" name="aTest" time="0.002"/>
  <testcase classname="tests.TestContactPage" name="bTest" time="0.002"/>
  <testcase classname="tests.TestContactPage" name="sTest" time="0.001"/>
</testsuite> <!-- tests.TestContactPage -->
